#
# There is insufficient memory for the Java Runtime Environment to continue.
# Native memory allocation (malloc) failed to allocate 2327376 bytes for Chunk::new
# Possible reasons:
#   The system is out of physical RAM or swap space
#   The process is running with CompressedOops enabled, and the Java Heap may be blocking the growth of the native heap
# Possible solutions:
#   Reduce memory load on the system
#   Increase physical memory or swap space
#   Check if swap backing store is full
#   Decrease Java heap size (-Xmx/-Xms)
#   Decrease number of Java threads
#   Decrease Java thread stack sizes (-Xss)
#   Set larger code cache with -XX:ReservedCodeCacheSize=
#   JVM is running with Unscaled Compressed Oops mode in which the Java heap is
#     placed in the first 4GB address space. The Java Heap base address is the
#     maximum limit for the native heap growth. Please use -XX:HeapBaseMinAddress
#     to set the Java Heap base and to place the Java Heap above 4GB virtual address.
# This output file may be truncated or incomplete.
#
#  Out of Memory Error (allocation.cpp:389), pid=1668, tid=0x0000000000003204
#
# JRE version: OpenJDK Runtime Environment (8.0_212-b04) (build 1.8.0_212-release-1586-b04)
# Java VM: OpenJDK 64-Bit Server VM (25.212-b04 mixed mode windows-amd64 compressed oops)
# Failed to write core dump. Minidumps are not enabled by default on client versions of Windows
#

---------------  T H R E A D  ---------------

Current thread (0x00000000181d2000):  JavaThread "C2 CompilerThread2" daemon [_thread_in_native, id=12804, stack(0x0000000018ca0000,0x0000000018da0000)]

Stack: [0x0000000018ca0000,0x0000000018da0000]
[error occurred during error reporting (printing stack bounds), id 0xc0000005]

Native frames: (J=compiled Java code, j=interpreted, Vv=VM code, C=native code)


Current CompileTask:
C2:   2084 1407       4       java.net.URLClassLoader$1::run (5 bytes)


---------------  P R O C E S S  ---------------

Java Threads: ( => current thread )
  0x000000001ae9c000 JavaThread "Cache worker for file hash cache (C:\Users\David\Documents\Seneca\PRJ666\recycling-vision-android\.gradle\5.6.4\fileHashes)" [_thread_blocked, id=26672, stack(0x000000001f260000,0x000000001f360000)]
  0x000000001ae9b000 JavaThread "Cache worker for journal cache (C:\Users\David\.gradle\caches\journal-1)" [_thread_blocked, id=11080, stack(0x000000001cdc0000,0x000000001cec0000)]
  0x000000001ae99000 JavaThread "File lock request listener" [_thread_in_native, id=30368, stack(0x000000001ccc0000,0x000000001cdc0000)]
  0x000000001ae99800 JavaThread "Cache worker for file hash cache (C:\Users\David\.gradle\caches\5.6.4\fileHashes)" [_thread_blocked, id=24732, stack(0x000000001cbc0000,0x000000001ccc0000)]
  0x000000001ac92000 JavaThread "Thread-9" [_thread_blocked, id=5624, stack(0x000000001cac0000,0x000000001cbc0000)]
  0x000000001ac93800 JavaThread "Stdin handler" [_thread_blocked, id=15032, stack(0x000000001c9c0000,0x000000001cac0000)]
  0x000000001ac61000 JavaThread "Asynchronous log dispatcher for DefaultDaemonConnection: socket connection from /127.0.0.1:58055 to /127.0.0.1:58056" [_thread_blocked, id=19644, stack(0x000000001c7c0000,0x000000001c8c0000)]
  0x000000001ac84000 JavaThread "Daemon worker" [_thread_in_Java, id=20828, stack(0x000000001c6c0000,0x000000001c7c0000)]
  0x000000001ad68000 JavaThread "Cancel handler" [_thread_blocked, id=24384, stack(0x000000001c5c0000,0x000000001c6c0000)]
  0x000000001ac45800 JavaThread "Handler for socket connection from /127.0.0.1:58055 to /127.0.0.1:58056" [_thread_in_native, id=27020, stack(0x000000001c2c0000,0x000000001c3c0000)]
  0x000000001ac44800 JavaThread "Daemon" [_thread_blocked, id=14596, stack(0x000000001c1c0000,0x000000001c2c0000)]
  0x000000001ac28800 JavaThread "Daemon periodic checks" [_thread_blocked, id=15368, stack(0x000000001c0c0000,0x000000001c1c0000)]
  0x000000001abce000 JavaThread "Incoming local TCP Connector on port 58055" [_thread_in_native, id=10348, stack(0x000000001be80000,0x000000001bf80000)]
  0x000000001ab69800 JavaThread "Daemon health stats" [_thread_blocked, id=26580, stack(0x000000001b840000,0x000000001b940000)]
  0x00000000181d4000 JavaThread "Service Thread" daemon [_thread_blocked, id=30180, stack(0x0000000018ea0000,0x0000000018fa0000)]
  0x00000000181da000 JavaThread "C1 CompilerThread3" daemon [_thread_in_native, id=5792, stack(0x0000000018da0000,0x0000000018ea0000)]
=>0x00000000181d2000 JavaThread "C2 CompilerThread2" daemon [_thread_in_native, id=12804, stack(0x0000000018ca0000,0x0000000018da0000)]
  0x00000000181ce800 JavaThread "C2 CompilerThread1" daemon [_thread_in_native, id=16108, stack(0x0000000018ba0000,0x0000000018ca0000)]
  0x00000000181cc800 JavaThread "C2 CompilerThread0" daemon [_thread_in_native, id=19900, stack(0x0000000018aa0000,0x0000000018ba0000)]
  0x00000000181d6800 JavaThread "Attach Listener" daemon [_thread_blocked, id=24700, stack(0x00000000189a0000,0x0000000018aa0000)]
  0x00000000181d5800 JavaThread "Signal Dispatcher" daemon [_thread_blocked, id=26076, stack(0x00000000188a0000,0x00000000189a0000)]
  0x00000000181c1000 JavaThread "Finalizer" daemon [_thread_blocked, id=25068, stack(0x00000000186a0000,0x00000000187a0000)]
  0x00000000181c0800 JavaThread "Reference Handler" daemon [_thread_blocked, id=14228, stack(0x00000000185a0000,0x00000000186a0000)]
  0x0000000000b4e000 JavaThread "main" [_thread_blocked, id=13096, stack(0x0000000002420000,0x0000000002520000)]

Other Threads:
  0x00000000163d6800 VMThread [stack: 0x00000000180a0000,0x00000000181a0000] [id=11460]
  0x000000001825f000 WatcherThread [stack: 0x0000000018fa0000,0x00000000190a0000] [id=3632]

VM state:not at safepoint (normal execution)

VM Mutex/Monitor currently owned by a thread: None

heap address: 0x00000000a0000000, size: 1536 MB, Compressed Oops mode: 32-bit
Narrow klass base: 0x0000000000000000, Narrow klass shift: 3
Compressed class space size: 1073741824 Address: 0x0000000100000000

Heap:
 PSYoungGen      total 76288K, used 46824K [0x00000000e0000000, 0x00000000e5500000, 0x0000000100000000)
  eden space 65536K, 56% used [0x00000000e0000000,0x00000000e245ca90,0x00000000e4000000)
  from space 10752K, 89% used [0x00000000e4a80000,0x00000000e53dd7b8,0x00000000e5500000)
  to   space 10752K, 0% used [0x00000000e4000000,0x00000000e4000000,0x00000000e4a80000)
 ParOldGen       total 175104K, used 24K [0x00000000a0000000, 0x00000000aab00000, 0x00000000e0000000)
  object space 175104K, 0% used [0x00000000a0000000,0x00000000a0006000,0x00000000aab00000)
 Metaspace       used 17497K, capacity 17866K, committed 18048K, reserved 1064960K
  class space    used 2509K, capacity 2659K, committed 2688K, reserved 1048576K

Card table byte_map: [0x00000000119e0000,0x0000000011cf0000] byte_map_base: 0x00000000114e0000

Marking Bits: (ParMarkBitMap*) 0x000000006da49f30
 Begin Bits: [0x00000000126f0000, 0x0000000013ef0000)
 End Bits:   [0x0000000013ef0000, 0x00000000156f0000)

Polling page: 0x0000000000b50000

CodeCache: size=245760Kb used=5445Kb max_used=5445Kb free=240314Kb
 bounds [0x0000000002620000, 0x0000000002b80000, 0x0000000011620000]
 total_blobs=1990 nmethods=1589 adapters=314
 compilation: enabled

Compilation events (10 events):
Event: 2.037 Thread 0x00000000181da000 nmethod 1572 0x0000000002b67c90 code [0x0000000002b67de0, 0x0000000002b67fd0]
Event: 2.037 Thread 0x00000000181da000 1573       3       java.util.concurrent.locks.AbstractQueuedSynchronizer::setState (6 bytes)
Event: 2.037 Thread 0x00000000181da000 nmethod 1573 0x0000000002b67990 code [0x0000000002b67ae0, 0x0000000002b67c30]
Event: 2.037 Thread 0x00000000181cc800 nmethod 1571 0x0000000002b67610 code [0x0000000002b67760, 0x0000000002b67858]
Event: 2.039 Thread 0x00000000181cc800 1574       4       java.lang.ReflectiveOperationException::<init> (7 bytes)
Event: 2.041 Thread 0x00000000181cc800 nmethod 1574 0x0000000002b66fd0 code [0x0000000002b67120, 0x0000000002b67488]
Event: 2.042 Thread 0x00000000181da000 1575       3       java.lang.reflect.Method::setMethodAccessor (21 bytes)
Event: 2.042 Thread 0x00000000181da000 nmethod 1575 0x0000000002b6cb10 code [0x0000000002b6cc80, 0x0000000002b6d028]
Event: 2.045 Thread 0x00000000181da000 1576       3       sun.reflect.NativeMethodAccessorImpl::invoke (104 bytes)
Event: 2.046 Thread 0x00000000181da000 nmethod 1576 0x0000000002b62910 code [0x0000000002b62b80, 0x0000000002b64018]

GC Heap History (4 events):
Event: 0.752 GC heap before
{Heap before GC invocations=1 (full 0):
 PSYoungGen      total 76288K, used 65536K [0x00000000e0000000, 0x00000000e5500000, 0x0000000100000000)
  eden space 65536K, 100% used [0x00000000e0000000,0x00000000e4000000,0x00000000e4000000)
  from space 10752K, 0% used [0x00000000e4a80000,0x00000000e4a80000,0x00000000e5500000)
  to   space 10752K, 0% used [0x00000000e4000000,0x00000000e4000000,0x00000000e4a80000)
 ParOldGen       total 175104K, used 0K [0x00000000a0000000, 0x00000000aab00000, 0x00000000e0000000)
  object space 175104K, 0% used [0x00000000a0000000,0x00000000a0000000,0x00000000aab00000)
 Metaspace       used 7259K, capacity 7524K, committed 7680K, reserved 1056768K
  class space    used 893K, capacity 980K, committed 1024K, reserved 1048576K
Event: 0.758 GC heap after
Heap after GC invocations=1 (full 0):
 PSYoungGen      total 76288K, used 5737K [0x00000000e0000000, 0x00000000e5500000, 0x0000000100000000)
  eden space 65536K, 0% used [0x00000000e0000000,0x00000000e0000000,0x00000000e4000000)
  from space 10752K, 53% used [0x00000000e4000000,0x00000000e459a5e0,0x00000000e4a80000)
  to   space 10752K, 0% used [0x00000000e4a80000,0x00000000e4a80000,0x00000000e5500000)
 ParOldGen       total 175104K, used 16K [0x00000000a0000000, 0x00000000aab00000, 0x00000000e0000000)
  object space 175104K, 0% used [0x00000000a0000000,0x00000000a0004000,0x00000000aab00000)
 Metaspace       used 7259K, capacity 7524K, committed 7680K, reserved 1056768K
  class space    used 893K, capacity 980K, committed 1024K, reserved 1048576K
}
Event: 1.795 GC heap before
{Heap before GC invocations=2 (full 0):
 PSYoungGen      total 76288K, used 71273K [0x00000000e0000000, 0x00000000e5500000, 0x0000000100000000)
  eden space 65536K, 100% used [0x00000000e0000000,0x00000000e4000000,0x00000000e4000000)
  from space 10752K, 53% used [0x00000000e4000000,0x00000000e459a5e0,0x00000000e4a80000)
  to   space 10752K, 0% used [0x00000000e4a80000,0x00000000e4a80000,0x00000000e5500000)
 ParOldGen       total 175104K, used 16K [0x00000000a0000000, 0x00000000aab00000, 0x00000000e0000000)
  object space 175104K, 0% used [0x00000000a0000000,0x00000000a0004000,0x00000000aab00000)
 Metaspace       used 14437K, capacity 14814K, committed 14976K, reserved 1062912K
  class space    used 2009K, capacity 2127K, committed 2176K, reserved 1048576K
Event: 1.803 GC heap after
Heap after GC invocations=2 (full 0):
 PSYoungGen      total 76288K, used 9589K [0x00000000e0000000, 0x00000000e5500000, 0x0000000100000000)
  eden space 65536K, 0% used [0x00000000e0000000,0x00000000e0000000,0x00000000e4000000)
  from space 10752K, 89% used [0x00000000e4a80000,0x00000000e53dd7b8,0x00000000e5500000)
  to   space 10752K, 0% used [0x00000000e4000000,0x00000000e4000000,0x00000000e4a80000)
 ParOldGen       total 175104K, used 24K [0x00000000a0000000, 0x00000000aab00000, 0x00000000e0000000)
  object space 175104K, 0% used [0x00000000a0000000,0x00000000a0006000,0x00000000aab00000)
 Metaspace       used 14437K, capacity 14814K, committed 14976K, reserved 1062912K
  class space    used 2009K, capacity 2127K, committed 2176K, reserved 1048576K
}

Deoptimization events (10 events):
Event: 1.598 Thread 0x000000001ac84000 Uncommon trap: reason=bimorphic action=maybe_recompile pc=0x0000000002865f04 method=java.util.HashMap.putVal(ILjava/lang/Object;Ljava/lang/Object;ZZ)Ljava/lang/Object; @ 253
Event: 1.598 Thread 0x000000001ac84000 Uncommon trap: reason=bimorphic action=maybe_recompile pc=0x0000000002865f04 method=java.util.HashMap.putVal(ILjava/lang/Object;Ljava/lang/Object;ZZ)Ljava/lang/Object; @ 253
Event: 1.598 Thread 0x000000001ac84000 Uncommon trap: reason=bimorphic action=maybe_recompile pc=0x0000000002865f04 method=java.util.HashMap.putVal(ILjava/lang/Object;Ljava/lang/Object;ZZ)Ljava/lang/Object; @ 253
Event: 1.598 Thread 0x000000001ac84000 Uncommon trap: reason=bimorphic action=maybe_recompile pc=0x0000000002862e20 method=java.util.HashMap.putVal(ILjava/lang/Object;Ljava/lang/Object;ZZ)Ljava/lang/Object; @ 253
Event: 1.710 Thread 0x000000001ac84000 Uncommon trap: reason=class_check action=maybe_recompile pc=0x00000000028de0d8 method=java.util.regex.Matcher.match(II)Z @ 86
Event: 1.717 Thread 0x000000001ac84000 Uncommon trap: reason=class_check action=maybe_recompile pc=0x00000000028de0d8 method=java.util.regex.Matcher.match(II)Z @ 86
Event: 1.717 Thread 0x000000001ac84000 Uncommon trap: reason=class_check action=maybe_recompile pc=0x00000000028de0d8 method=java.util.regex.Matcher.match(II)Z @ 86
Event: 1.717 Thread 0x000000001ac84000 Uncommon trap: reason=class_check action=maybe_recompile pc=0x00000000027925dc method=java.util.regex.Matcher.match(II)Z @ 86
Event: 1.889 Thread 0x000000001ac84000 Uncommon trap: reason=unstable_if action=reinterpret pc=0x0000000002a9f674 method=java.lang.String.lastIndexOf([CII[CIII)I @ 66
Event: 1.952 Thread 0x000000001ac84000 Uncommon trap: reason=unstable_if action=reinterpret pc=0x0000000002aa1c28 method=java.util.HashMap.putVal(ILjava/lang/Object;Ljava/lang/Object;ZZ)Ljava/lang/Object; @ 236

Classes redefined (0 events):
No events

Internal exceptions (10 events):
Event: 1.569 Thread 0x000000001ac45800 Exception <a 'java/lang/NoSuchMethodError': <clinit>> (0x00000000e1c2a7d8) thrown at [D:\src\AOSP-openjdk-cygwin\jdk8u\hotspot\src\share\vm\prims\jni.cpp, line 1614]
Event: 1.570 Thread 0x000000001ac45800 Exception <a 'java/lang/NoSuchMethodError': <clinit>> (0x00000000e1c427a8) thrown at [D:\src\AOSP-openjdk-cygwin\jdk8u\hotspot\src\share\vm\prims\jni.cpp, line 1614]
Event: 1.570 Thread 0x000000001ac45800 Exception <a 'java/lang/NoSuchMethodError': <clinit>> (0x00000000e1c4b438) thrown at [D:\src\AOSP-openjdk-cygwin\jdk8u\hotspot\src\share\vm\prims\jni.cpp, line 1614]
Event: 1.571 Thread 0x000000001ac45800 Exception <a 'java/lang/NoSuchMethodError': <clinit>> (0x00000000e1c61a88) thrown at [D:\src\AOSP-openjdk-cygwin\jdk8u\hotspot\src\share\vm\prims\jni.cpp, line 1614]
Event: 1.577 Thread 0x000000001ac45800 Exception <a 'java/lang/NoSuchMethodError': <clinit>> (0x00000000e1cca6d0) thrown at [D:\src\AOSP-openjdk-cygwin\jdk8u\hotspot\src\share\vm\prims\jni.cpp, line 1614]
Event: 1.579 Thread 0x000000001ac45800 Exception <a 'java/lang/NoSuchMethodError': <clinit>> (0x00000000e1cf71e8) thrown at [D:\src\AOSP-openjdk-cygwin\jdk8u\hotspot\src\share\vm\prims\jni.cpp, line 1614]
Event: 1.581 Thread 0x000000001ac45800 Exception <a 'java/lang/NoSuchMethodError': <clinit>> (0x00000000e1d14b48) thrown at [D:\src\AOSP-openjdk-cygwin\jdk8u\hotspot\src\share\vm\prims\jni.cpp, line 1614]
Event: 1.866 Thread 0x000000001ac84000 Exception <a 'java/lang/NoSuchMethodError': java.lang.Object.lambda$and$0(Ljava/util/function/Predicate;Ljava/lang/Object;)Z> (0x00000000e0be4810) thrown at [D:\src\AOSP-openjdk-cygwin\jdk8u\hotspot\src\share\vm\interpreter\linkResolver.cpp, line 620]
Event: 1.870 Thread 0x000000001ac84000 Exception <a 'java/lang/IncompatibleClassChangeError': Found class java.lang.Object, but interface was expected> (0x00000000e0bfab00) thrown at [D:\src\AOSP-openjdk-cygwin\jdk8u\hotspot\src\share\vm\interpreter\linkResolver.cpp, line 653]
Event: 1.871 Thread 0x000000001ac84000 Exception <a 'java/lang/NoSuchMethodError': java.lang.Object.lambda$or$2(Ljava/util/function/Predicate;Ljava/lang/Object;)Z> (0x00000000e0bffa10) thrown at [D:\src\AOSP-openjdk-cygwin\jdk8u\hotspot\src\share\vm\interpreter\linkResolver.cpp, line 620]

Events (10 events):
Event: 2.072 loading class kotlin/reflect/jvm/internal/KCallableImpl$_parameters$1
Event: 2.072 loading class kotlin/reflect/jvm/internal/KCallableImpl$_parameters$1 done
Event: 2.072 loading class kotlin/reflect/jvm/internal/KCallableImpl$_returnType$1
Event: 2.072 loading class kotlin/reflect/jvm/internal/KCallableImpl$_returnType$1 done
Event: 2.072 loading class kotlin/reflect/jvm/internal/KCallableImpl$_typeParameters$1
Event: 2.072 loading class kotlin/reflect/jvm/internal/KCallableImpl$_typeParameters$1 done
Event: 2.073 loading class kotlin/reflect/jvm/internal/KPropertyImpl$_javaField$1
Event: 2.073 loading class kotlin/reflect/jvm/internal/KPropertyImpl$_javaField$1 done
Event: 2.074 loading class kotlin/reflect/jvm/internal/KPropertyImpl$_descriptor$1
Event: 2.074 loading class kotlin/reflect/jvm/internal/KPropertyImpl$_descriptor$1 done


Dynamic libraries:
0x00007ff6af630000 - 0x00007ff6af661000 	C:\Program Files\Android\Android Studio\jre\bin\java.exe
0x00007ffbc0880000 - 0x00007ffbc0a6d000 	C:\WINDOWS\SYSTEM32\ntdll.dll
0x00007ffbc0330000 - 0x00007ffbc03e3000 	C:\WINDOWS\System32\KERNEL32.DLL
0x00007ffbbcc40000 - 0x00007ffbbced5000 	C:\WINDOWS\System32\KERNELBASE.dll
0x00007ffbbdc30000 - 0x00007ffbbdcd3000 	C:\WINDOWS\System32\ADVAPI32.dll
0x00007ffbbea80000 - 0x00007ffbbeb1e000 	C:\WINDOWS\System32\msvcrt.dll
0x00007ffbbdaa0000 - 0x00007ffbbdb3e000 	C:\WINDOWS\System32\sechost.dll
0x00007ffbc03f0000 - 0x00007ffbc0512000 	C:\WINDOWS\System32\RPCRT4.dll
0x00007ffbbe420000 - 0x00007ffbbe5b7000 	C:\WINDOWS\System32\USER32.dll
0x00007ffbbca40000 - 0x00007ffbbca60000 	C:\WINDOWS\System32\win32u.dll
0x00007ffbbdb40000 - 0x00007ffbbdb69000 	C:\WINDOWS\System32\GDI32.dll
0x00007ffbbd7a0000 - 0x00007ffbbd939000 	C:\WINDOWS\System32\gdi32full.dll
0x00007ffbbcf80000 - 0x00007ffbbd020000 	C:\WINDOWS\System32\msvcp_win.dll
0x00007ffbbc940000 - 0x00007ffbbca3a000 	C:\WINDOWS\System32\ucrtbase.dll
0x00007ffbadd40000 - 0x00007ffbadfb9000 	C:\WINDOWS\WinSxS\amd64_microsoft.windows.common-controls_6595b64144ccf1df_6.0.17763.1217_none_de6e4304534e0ad3\COMCTL32.dll
0x00007ffbc0520000 - 0x00007ffbc084c000 	C:\WINDOWS\System32\combase.dll
0x00007ffbbcee0000 - 0x00007ffbbcf5e000 	C:\WINDOWS\System32\bcryptPrimitives.dll
0x00007ffbbdea0000 - 0x00007ffbbdece000 	C:\WINDOWS\System32\IMM32.DLL
0x000000006e0d0000 - 0x000000006e1a2000 	C:\Program Files\Android\Android Studio\jre\jre\bin\msvcr100.dll
0x000000006d280000 - 0x000000006dac6000 	C:\Program Files\Android\Android Studio\jre\jre\bin\server\jvm.dll
0x00007ffbbdce0000 - 0x00007ffbbdce8000 	C:\WINDOWS\System32\PSAPI.DLL
0x00007ffbadd10000 - 0x00007ffbadd19000 	C:\WINDOWS\SYSTEM32\WSOCK32.dll
0x00007ffbb7b00000 - 0x00007ffbb7b24000 	C:\WINDOWS\SYSTEM32\WINMM.dll
0x00007ffbb7c90000 - 0x00007ffbb7c9a000 	C:\WINDOWS\SYSTEM32\VERSION.dll
0x00007ffbbe730000 - 0x00007ffbbe79d000 	C:\WINDOWS\System32\WS2_32.dll
0x00007ffbb7ad0000 - 0x00007ffbb7afd000 	C:\WINDOWS\SYSTEM32\WINMMBASE.dll
0x00007ffbbda50000 - 0x00007ffbbda9a000 	C:\WINDOWS\System32\cfgmgr32.dll
0x00007ffbb9320000 - 0x00007ffbb932f000 	C:\Program Files\Android\Android Studio\jre\jre\bin\verify.dll
0x00007ffbb71b0000 - 0x00007ffbb71d9000 	C:\Program Files\Android\Android Studio\jre\jre\bin\java.dll
0x00007ffbb8a00000 - 0x00007ffbb8a16000 	C:\Program Files\Android\Android Studio\jre\jre\bin\zip.dll
0x00007ffbbeb50000 - 0x00007ffbc0044000 	C:\WINDOWS\System32\SHELL32.dll
0x00007ffbbe820000 - 0x00007ffbbe8c8000 	C:\WINDOWS\System32\shcore.dll
0x00007ffbbd050000 - 0x00007ffbbd79e000 	C:\WINDOWS\System32\windows.storage.dll
0x00007ffbbc8f0000 - 0x00007ffbbc914000 	C:\WINDOWS\System32\profapi.dll
0x00007ffbbc890000 - 0x00007ffbbc8ed000 	C:\WINDOWS\System32\powrprof.dll
0x00007ffbbdbd0000 - 0x00007ffbbdc22000 	C:\WINDOWS\System32\shlwapi.dll
0x00007ffbbc920000 - 0x00007ffbbc931000 	C:\WINDOWS\System32\kernel.appcore.dll
0x00007ffbbcf60000 - 0x00007ffbbcf77000 	C:\WINDOWS\System32\cryptsp.dll
0x00007ffbb7180000 - 0x00007ffbb719a000 	C:\Program Files\Android\Android Studio\jre\jre\bin\net.dll
0x00007ffbb0b50000 - 0x00007ffbb0d27000 	C:\WINDOWS\SYSTEM32\urlmon.dll
0x00007ffbaf160000 - 0x00007ffbaf408000 	C:\WINDOWS\SYSTEM32\iertutil.dll
0x00007ffbbc210000 - 0x00007ffbbc21c000 	C:\WINDOWS\SYSTEM32\CRYPTBASE.DLL
0x00007ffbbc090000 - 0x00007ffbbc0f7000 	C:\WINDOWS\system32\mswsock.dll
0x00007ffbb7130000 - 0x00007ffbb7143000 	C:\Program Files\Android\Android Studio\jre\jre\bin\nio.dll
0x00007ffb9cda0000 - 0x00007ffb9cdc6000 	C:\Users\David\.gradle\native\30\windows-amd64\native-platform.dll
0x00007ffbb8320000 - 0x00007ffbb832d000 	C:\Program Files\Android\Android Studio\jre\jre\bin\management.dll
0x00007ffbbbc20000 - 0x00007ffbbbc53000 	C:\WINDOWS\system32\rsaenh.dll
0x00007ffbbd020000 - 0x00007ffbbd046000 	C:\WINDOWS\System32\bcrypt.dll
0x00007ffbbc7a0000 - 0x00007ffbbc7c8000 	C:\WINDOWS\SYSTEM32\USERENV.dll
0x00007ffbbbdc0000 - 0x00007ffbbbdfd000 	C:\WINDOWS\SYSTEM32\IPHLPAPI.DLL
0x00007ffbc0320000 - 0x00007ffbc0328000 	C:\WINDOWS\System32\NSI.dll
0x00007ffbb6db0000 - 0x00007ffbb6dc6000 	C:\WINDOWS\SYSTEM32\dhcpcsvc6.DLL
0x00007ffbb6480000 - 0x00007ffbb649c000 	C:\WINDOWS\SYSTEM32\dhcpcsvc.DLL
0x00007ffbbbe00000 - 0x00007ffbbbec7000 	C:\WINDOWS\SYSTEM32\DNSAPI.dll

VM Arguments:
jvm_args: -Xmx1536m -Dfile.encoding=windows-1252 -Duser.country=CA -Duser.language=en -Duser.variant 
java_command: org.gradle.launcher.daemon.bootstrap.GradleDaemon 5.6.4
java_class_path (initial): C:\Users\David\.gradle\wrapper\dists\gradle-5.6.4-all\ankdp27end7byghfw1q2sw75f\gradle-5.6.4\lib\gradle-launcher-5.6.4.jar
Launcher Type: SUN_STANDARD

Environment Variables:
JAVA_HOME=C:\Program Files\Java\jdk-11.0.3
PATH=C:\Program Files (x86)\Common Files\Oracle\Java\javapath;C:\WINDOWS\system32;C:\WINDOWS;C:\WINDOWS\System32\Wbem;C:\WINDOWS\System32\WindowsPowerShell\v1.0\;C:\WINDOWS\System32\OpenSSH\;C:\Program Files\Git\cmd;C:\Program Files (x86)\Intel\Intel(R) Management Engine Components\DAL;C:\Program Files\Intel\Intel(R) Management Engine Components\DAL;C:\Program Files\Java\jdk-11.0.3\bin;C:\Program Files\Java\jdk-11.0.3\lib;C:\Gradle\gradle-5.4.1\bin;C:\Program Files\MongoDB\Server\4.2\bin;C:\Program Files\nodejs\;C:\Program Files\dotnet\;C:\Program Files\Microsoft SQL Server\130\Tools\Binn\;C:\Program Files\Microsoft SQL Server\Client SDK\ODBC\170\Tools\Binn\;C:\Program Files\Common Files\Autodesk Shared\;C:\Program Files\Microsoft SQL Server\120\Tools\Binn\;C:\Program Files\Git LFS;C:\Program Files\Docker\Docker\resources\bin;C:\ProgramData\DockerDesktop\version-bin;C:\Program Files\MySQL\MySQL Shell 8.0\bin\;C:\Users\David\AppData\Local\Programs\Python\Python38\Scripts\;C:\Users\David\AppData\Local\Programs\Python\Python38\;C:\Users\David\.cargo\bin;C:\Users\David\AppData\Local\Microsoft\WindowsApps;C:\Users\David\AppData\Local\Programs\Microsoft VS Code\bin;C:\Program Files\heroku\bin;C:\Program Files\MongoDB\Server\4.2\bin;C:\Users\David\AppData\Roaming\npm;
USERNAME=David
OS=Windows_NT
PROCESSOR_IDENTIFIER=Intel64 Family 6 Model 142 Stepping 10, GenuineIntel



---------------  S Y S T E M  ---------------

OS: Windows 10.0 , 64 bit Build 17763 (10.0.17763.1158)

CPU:total 8 (initial active 8) (4 cores per cpu, 2 threads per core) family 6 model 142 stepping 10, cmov, cx8, fxsr, mmx, sse, sse2, sse3, ssse3, sse4.1, sse4.2, popcnt, avx, avx2, aes, clmul, erms, 3dnowpref, lzcnt, ht, tsc, tscinvbit, bmi1, bmi2, adx

Memory: 4k page, physical 16671328k(2747364k free), swap 19672672k(6172k free)

vm_info: OpenJDK 64-Bit Server VM (25.212-b04) for windows-amd64 JRE (1.8.0_212-release-1586-b04), built by "builder" with MS VC++ 10.0 (VS2010)

time: Sun Jun 14 19:46:00 2020
timezone: Eastern Daylight Time
elapsed time: 2 seconds (0d 0h 0m 2s)

