#
# There is insufficient memory for the Java Runtime Environment to continue.
# Native memory allocation (malloc) failed to allocate 1325648 bytes for Chunk::new
# Possible reasons:
#   The system is out of physical RAM or swap space
#   The process is running with CompressedOops enabled, and the Java Heap may be blocking the growth of the native heap
# Possible solutions:
#   Reduce memory load on the system
#   Increase physical memory or swap space
#   Check if swap backing store is full
#   Decrease Java heap size (-Xmx/-Xms)
#   Decrease number of Java threads
#   Decrease Java thread stack sizes (-Xss)
#   Set larger code cache with -XX:ReservedCodeCacheSize=
#   JVM is running with Unscaled Compressed Oops mode in which the Java heap is
#     placed in the first 4GB address space. The Java Heap base address is the
#     maximum limit for the native heap growth. Please use -XX:HeapBaseMinAddress
#     to set the Java Heap base and to place the Java Heap above 4GB virtual address.
# This output file may be truncated or incomplete.
#
#  Out of Memory Error (allocation.cpp:389), pid=15664, tid=0x0000000000002298
#
# JRE version: OpenJDK Runtime Environment (8.0_212-b04) (build 1.8.0_212-release-1586-b04)
# Java VM: OpenJDK 64-Bit Server VM (25.212-b04 mixed mode windows-amd64 compressed oops)
# Failed to write core dump. Minidumps are not enabled by default on client versions of Windows
#

---------------  T H R E A D  ---------------

Current thread (0x0000000018caa800):  JavaThread "C2 CompilerThread2" daemon [_thread_in_native, id=8856, stack(0x0000000019780000,0x0000000019880000)]

Stack: [0x0000000019780000,0x0000000019880000]
[error occurred during error reporting (printing stack bounds), id 0xc0000005]

Native frames: (J=compiled Java code, j=interpreted, Vv=VM code, C=native code)


Current CompileTask:
C2:  13767 3672       4       groovy.lang.MetaClassImpl::checkIfStdMethod (178 bytes)


---------------  P R O C E S S  ---------------

Java Threads: ( => current thread )
  0x000000001ae70800 JavaThread "Build operations Thread 8" [_thread_blocked, id=16396, stack(0x0000000024540000,0x0000000024640000)]
  0x000000001ae6f800 JavaThread "Build operations Thread 7" [_thread_blocked, id=26192, stack(0x0000000024440000,0x0000000024540000)]
  0x000000001ae6f000 JavaThread "Build operations Thread 6" [_thread_blocked, id=30100, stack(0x0000000024340000,0x0000000024440000)]
  0x000000001ae67000 JavaThread "Build operations Thread 5" [_thread_blocked, id=20868, stack(0x0000000024240000,0x0000000024340000)]
  0x000000001ae6e000 JavaThread "Build operations Thread 4" [_thread_blocked, id=11812, stack(0x0000000024140000,0x0000000024240000)]
  0x000000001ae6c800 JavaThread "Build operations Thread 3" [_thread_blocked, id=17416, stack(0x0000000024040000,0x0000000024140000)]
  0x000000001ae6b000 JavaThread "Build operations Thread 2" [_thread_blocked, id=28548, stack(0x0000000023f40000,0x0000000024040000)]
  0x000000001ae69000 JavaThread "Build operations" [_thread_blocked, id=25812, stack(0x0000000023e40000,0x0000000023f40000)]
  0x000000001ae66800 JavaThread "Cache worker for execution history cache (C:\Users\David\.gradle\caches\5.6.4\executionHistory)" [_thread_blocked, id=21160, stack(0x00000000233c0000,0x00000000234c0000)]
  0x000000001ae6d800 JavaThread "Cache worker for cache directory md-rule (C:\Users\David\.gradle\caches\5.6.4\md-rule)" [_thread_blocked, id=7400, stack(0x0000000022f70000,0x0000000023070000)]
  0x000000001ae6c000 JavaThread "Cache worker for cache directory md-supplier (C:\Users\David\.gradle\caches\5.6.4\md-supplier)" [_thread_blocked, id=4540, stack(0x00000000214c0000,0x00000000215c0000)]
  0x000000001ba81800 JavaThread "Cache worker for file hash cache (C:\Users\David\Documents\Seneca\PRJ666\recycling-vision-android\.gradle\5.6.4\fileHashes)" [_thread_blocked, id=22864, stack(0x00000000213c0000,0x00000000214c0000)]
  0x000000001ba84800 JavaThread "Thread-17" [_thread_blocked, id=16700, stack(0x00000000212c0000,0x00000000213c0000)]
  0x000000001ba87000 JavaThread "Stdin handler" [_thread_blocked, id=3312, stack(0x0000000020140000,0x0000000020240000)]
  0x000000001ba88800 JavaThread "Asynchronous log dispatcher for DefaultDaemonConnection: socket connection from /127.0.0.1:58033 to /127.0.0.1:58048" [_thread_blocked, id=18376, stack(0x0000000020040000,0x0000000020140000)]
  0x000000001ba83000 JavaThread "Cancel handler" [_thread_blocked, id=3304, stack(0x000000001ff40000,0x0000000020040000)]
  0x000000001ba86000 JavaThread "Handler for socket connection from /127.0.0.1:58033 to /127.0.0.1:58048" [_thread_in_native, id=24612, stack(0x000000001fe40000,0x000000001ff40000)]
  0x000000001ba84000 JavaThread "Cache worker for journal cache (C:\Users\David\.gradle\caches\journal-1)" [_thread_blocked, id=19164, stack(0x000000001d8a0000,0x000000001d9a0000)]
  0x000000001ba85800 JavaThread "File lock request listener" [_thread_in_native, id=7388, stack(0x000000001d7a0000,0x000000001d8a0000)]
  0x000000001ba80800 JavaThread "Cache worker for file hash cache (C:\Users\David\.gradle\caches\5.6.4\fileHashes)" [_thread_blocked, id=17172, stack(0x000000001d6a0000,0x000000001d7a0000)]
  0x000000001b782800 JavaThread "Daemon worker" [_thread_in_vm, id=4712, stack(0x000000001d1a0000,0x000000001d2a0000)]
  0x000000001b787800 JavaThread "Daemon" [_thread_blocked, id=21860, stack(0x000000001cca0000,0x000000001cda0000)]
  0x000000001b748000 JavaThread "Daemon periodic checks" [_thread_blocked, id=10804, stack(0x000000001cba0000,0x000000001cca0000)]
  0x000000001b74c000 JavaThread "Incoming local TCP Connector on port 58033" [_thread_in_native, id=14468, stack(0x000000001c960000,0x000000001ca60000)]
  0x000000001b625800 JavaThread "Daemon health stats" [_thread_blocked, id=10228, stack(0x000000001c320000,0x000000001c420000)]
  0x0000000018d41000 JavaThread "Service Thread" daemon [_thread_blocked, id=27392, stack(0x0000000019980000,0x0000000019a80000)]
  0x0000000018cb9000 JavaThread "C1 CompilerThread3" daemon [_thread_blocked, id=10000, stack(0x0000000019880000,0x0000000019980000)]
=>0x0000000018caa800 JavaThread "C2 CompilerThread2" daemon [_thread_in_native, id=8856, stack(0x0000000019780000,0x0000000019880000)]
  0x0000000018ca7000 JavaThread "C2 CompilerThread1" daemon [_thread_in_native, id=29400, stack(0x0000000019680000,0x0000000019780000)]
  0x0000000018ca5000 JavaThread "C2 CompilerThread0" daemon [_thread_blocked, id=29712, stack(0x0000000019580000,0x0000000019680000)]
  0x0000000018cb4800 JavaThread "Attach Listener" daemon [_thread_blocked, id=27220, stack(0x0000000019480000,0x0000000019580000)]
  0x0000000018cb1800 JavaThread "Signal Dispatcher" daemon [_thread_blocked, id=6140, stack(0x0000000019380000,0x0000000019480000)]
  0x00000000030dd800 JavaThread "Finalizer" daemon [_thread_blocked, id=29088, stack(0x0000000019180000,0x0000000019280000)]
  0x0000000018ca0800 JavaThread "Reference Handler" daemon [_thread_blocked, id=20912, stack(0x0000000019080000,0x0000000019180000)]
  0x0000000002f9e000 JavaThread "main" [_thread_blocked, id=12088, stack(0x0000000002e80000,0x0000000002f80000)]

Other Threads:
  0x0000000016e96800 VMThread [stack: 0x0000000018b80000,0x0000000018c80000] [id=27844]
  0x0000000018d41800 WatcherThread [stack: 0x0000000019a80000,0x0000000019b80000] [id=24120]

VM state:not at safepoint (normal execution)

VM Mutex/Monitor currently owned by a thread: None

OutOfMemory and StackOverflow Exception counts:
OutOfMemoryError java_heap_errors=5

heap address: 0x00000000a0000000, size: 1536 MB, Compressed Oops mode: 32-bit
Narrow klass base: 0x0000000000000000, Narrow klass shift: 3
Compressed class space size: 1073741824 Address: 0x0000000100000000

Heap:
 PSYoungGen      total 134656K, used 59718K [0x00000000e0000000, 0x00000000e8f00000, 0x0000000100000000)
  eden space 122880K, 48% used [0x00000000e0000000,0x00000000e3a51a80,0x00000000e7800000)
  from space 11776K, 0% used [0x00000000e7800000,0x00000000e7800000,0x00000000e8380000)
  to   space 11776K, 0% used [0x00000000e8380000,0x00000000e8380000,0x00000000e8f00000)
 ParOldGen       total 81920K, used 17663K [0x00000000a0000000, 0x00000000a5000000, 0x00000000e0000000)
  object space 81920K, 21% used [0x00000000a0000000,0x00000000a113fc58,0x00000000a5000000)
 Metaspace       used 39132K, capacity 40282K, committed 40616K, reserved 1083392K
  class space    used 5377K, capacity 5676K, committed 5800K, reserved 1048576K

Card table byte_map: [0x00000000124a0000,0x00000000127b0000] byte_map_base: 0x0000000011fa0000

Marking Bits: (ParMarkBitMap*) 0x000000006da49f30
 Begin Bits: [0x00000000131b0000, 0x00000000149b0000)
 End Bits:   [0x00000000149b0000, 0x00000000161b0000)

Polling page: 0x00000000011d0000

CodeCache: size=245760Kb used=11938Kb max_used=11954Kb free=233821Kb
 bounds [0x00000000030e0000, 0x0000000003ca0000, 0x00000000120e0000]
 total_blobs=4311 nmethods=3579 adapters=644
 compilation: enabled

Compilation events (10 events):
Event: 13.740 Thread 0x0000000018cb9000 nmethod 3818 0x0000000003c810d0 code [0x0000000003c818e0, 0x0000000003c85658]
Event: 13.740 Thread 0x0000000018cb9000 3819       3       jdk.internal.org.objectweb.asm.Type::getArgumentsAndReturnSizes (151 bytes)
Event: 13.741 Thread 0x0000000018cb9000 nmethod 3819 0x0000000003c879d0 code [0x0000000003c87c00, 0x0000000003c88ab8]
Event: 13.741 Thread 0x0000000018cb9000 3820       3       java.lang.invoke.MethodHandleNatives::refKindIsMethod (19 bytes)
Event: 13.741 Thread 0x0000000018cb9000 nmethod 3820 0x0000000003c890d0 code [0x0000000003c89240, 0x0000000003c894d0]
Event: 13.741 Thread 0x0000000018cb9000 3816       3       java.lang.invoke.InvokerBytecodeGenerator::emitPushArguments (7 bytes)
Event: 13.742 Thread 0x0000000018cb9000 nmethod 3816 0x0000000003c89590 code [0x0000000003c89740, 0x0000000003c89db8]
Event: 13.742 Thread 0x0000000018cb9000 3821       3       java.lang.invoke.MethodHandles$Lookup::checkSecurityManager (87 bytes)
Event: 13.743 Thread 0x0000000018cb9000 nmethod 3821 0x0000000003c8a2d0 code [0x0000000003c8a5a0, 0x0000000003c8b918]
Event: 13.762 Thread 0x0000000018ca5000 nmethod 3801 0x0000000003c90990 code [0x0000000003c90ca0, 0x0000000003c92868]

GC Heap History (10 events):
Event: 11.671 GC heap before
{Heap before GC invocations=5 (full 1):
 PSYoungGen      total 76288K, used 8025K [0x00000000e0000000, 0x00000000e5500000, 0x0000000100000000)
  eden space 65536K, 0% used [0x00000000e0000000,0x00000000e0000000,0x00000000e4000000)
  from space 10752K, 74% used [0x00000000e4a80000,0x00000000e52566d8,0x00000000e5500000)
  to   space 10752K, 0% used [0x00000000e4000000,0x00000000e4000000,0x00000000e4a80000)
 ParOldGen       total 175104K, used 795K [0x00000000a0000000, 0x00000000aab00000, 0x00000000e0000000)
  object space 175104K, 0% used [0x00000000a0000000,0x00000000a00c6f40,0x00000000aab00000)
 Metaspace       used 20666K, capacity 21238K, committed 21296K, reserved 1067008K
  class space    used 2985K, capacity 3180K, committed 3200K, reserved 1048576K
Event: 11.696 GC heap after
Heap after GC invocations=5 (full 1):
 PSYoungGen      total 76288K, used 0K [0x00000000e0000000, 0x00000000e5500000, 0x0000000100000000)
  eden space 65536K, 0% used [0x00000000e0000000,0x00000000e0000000,0x00000000e4000000)
  from space 10752K, 0% used [0x00000000e4a80000,0x00000000e4a80000,0x00000000e5500000)
  to   space 10752K, 0% used [0x00000000e4000000,0x00000000e4000000,0x00000000e4a80000)
 ParOldGen       total 81920K, used 7772K [0x00000000a0000000, 0x00000000a5000000, 0x00000000e0000000)
  object space 81920K, 9% used [0x00000000a0000000,0x00000000a07971b8,0x00000000a5000000)
 Metaspace       used 20666K, capacity 21238K, committed 21296K, reserved 1067008K
  class space    used 2985K, capacity 3180K, committed 3200K, reserved 1048576K
}
Event: 12.272 GC heap before
{Heap before GC invocations=6 (full 1):
 PSYoungGen      total 76288K, used 65536K [0x00000000e0000000, 0x00000000e5500000, 0x0000000100000000)
  eden space 65536K, 100% used [0x00000000e0000000,0x00000000e4000000,0x00000000e4000000)
  from space 10752K, 0% used [0x00000000e4a80000,0x00000000e4a80000,0x00000000e5500000)
  to   space 10752K, 0% used [0x00000000e4000000,0x00000000e4000000,0x00000000e4a80000)
 ParOldGen       total 81920K, used 7772K [0x00000000a0000000, 0x00000000a5000000, 0x00000000e0000000)
  object space 81920K, 9% used [0x00000000a0000000,0x00000000a07971b8,0x00000000a5000000)
 Metaspace       used 28476K, capacity 29080K, committed 29184K, reserved 1075200K
  class space    used 3880K, capacity 4085K, committed 4096K, reserved 1048576K
Event: 12.277 GC heap after
Heap after GC invocations=6 (full 1):
 PSYoungGen      total 76288K, used 7854K [0x00000000e0000000, 0x00000000e8f80000, 0x0000000100000000)
  eden space 65536K, 0% used [0x00000000e0000000,0x00000000e0000000,0x00000000e4000000)
  from space 10752K, 73% used [0x00000000e4000000,0x00000000e47abb50,0x00000000e4a80000)
  to   space 12288K, 0% used [0x00000000e8380000,0x00000000e8380000,0x00000000e8f80000)
 ParOldGen       total 81920K, used 7780K [0x00000000a0000000, 0x00000000a5000000, 0x00000000e0000000)
  object space 81920K, 9% used [0x00000000a0000000,0x00000000a07991b8,0x00000000a5000000)
 Metaspace       used 28476K, capacity 29080K, committed 29184K, reserved 1075200K
  class space    used 3880K, capacity 4085K, committed 4096K, reserved 1048576K
}
Event: 12.752 GC heap before
{Heap before GC invocations=7 (full 1):
 PSYoungGen      total 76288K, used 73390K [0x00000000e0000000, 0x00000000e8f80000, 0x0000000100000000)
  eden space 65536K, 100% used [0x00000000e0000000,0x00000000e4000000,0x00000000e4000000)
  from space 10752K, 73% used [0x00000000e4000000,0x00000000e47abb50,0x00000000e4a80000)
  to   space 12288K, 0% used [0x00000000e8380000,0x00000000e8380000,0x00000000e8f80000)
 ParOldGen       total 81920K, used 7780K [0x00000000a0000000, 0x00000000a5000000, 0x00000000e0000000)
  object space 81920K, 9% used [0x00000000a0000000,0x00000000a07991b8,0x00000000a5000000)
 Metaspace       used 32339K, capacity 33118K, committed 33280K, reserved 1077248K
  class space    used 4366K, capacity 4588K, committed 4608K, reserved 1048576K
Event: 12.760 GC heap after
Heap after GC invocations=7 (full 1):
 PSYoungGen      total 134656K, used 8757K [0x00000000e0000000, 0x00000000e8f00000, 0x0000000100000000)
  eden space 122880K, 0% used [0x00000000e0000000,0x00000000e0000000,0x00000000e7800000)
  from space 11776K, 74% used [0x00000000e8380000,0x00000000e8c0d680,0x00000000e8f00000)
  to   space 11776K, 0% used [0x00000000e7800000,0x00000000e7800000,0x00000000e8380000)
 ParOldGen       total 81920K, used 7788K [0x00000000a0000000, 0x00000000a5000000, 0x00000000e0000000)
  object space 81920K, 9% used [0x00000000a0000000,0x00000000a079b1b8,0x00000000a5000000)
 Metaspace       used 32339K, capacity 33118K, committed 33280K, reserved 1077248K
  class space    used 4366K, capacity 4588K, committed 4608K, reserved 1048576K
}
Event: 13.142 GC heap before
{Heap before GC invocations=8 (full 1):
 PSYoungGen      total 134656K, used 65623K [0x00000000e0000000, 0x00000000e8f00000, 0x0000000100000000)
  eden space 122880K, 46% used [0x00000000e0000000,0x00000000e3788940,0x00000000e7800000)
  from space 11776K, 74% used [0x00000000e8380000,0x00000000e8c0d680,0x00000000e8f00000)
  to   space 11776K, 0% used [0x00000000e7800000,0x00000000e7800000,0x00000000e8380000)
 ParOldGen       total 81920K, used 7788K [0x00000000a0000000, 0x00000000a5000000, 0x00000000e0000000)
  object space 81920K, 9% used [0x00000000a0000000,0x00000000a079b1b8,0x00000000a5000000)
 Metaspace       used 34684K, capacity 35464K, committed 35496K, reserved 1079296K
  class space    used 4773K, capacity 5003K, committed 5032K, reserved 1048576K
Event: 13.151 GC heap after
Heap after GC invocations=8 (full 1):
 PSYoungGen      total 134656K, used 10967K [0x00000000e0000000, 0x00000000e8f00000, 0x0000000100000000)
  eden space 122880K, 0% used [0x00000000e0000000,0x00000000e0000000,0x00000000e7800000)
  from space 11776K, 93% used [0x00000000e7800000,0x00000000e82b5fa8,0x00000000e8380000)
  to   space 11776K, 0% used [0x00000000e8380000,0x00000000e8380000,0x00000000e8f00000)
 ParOldGen       total 81920K, used 7796K [0x00000000a0000000, 0x00000000a5000000, 0x00000000e0000000)
  object space 81920K, 9% used [0x00000000a0000000,0x00000000a079d1b8,0x00000000a5000000)
 Metaspace       used 34684K, capacity 35464K, committed 35496K, reserved 1079296K
  class space    used 4773K, capacity 5003K, committed 5032K, reserved 1048576K
}
Event: 13.151 GC heap before
{Heap before GC invocations=9 (full 2):
 PSYoungGen      total 134656K, used 10967K [0x00000000e0000000, 0x00000000e8f00000, 0x0000000100000000)
  eden space 122880K, 0% used [0x00000000e0000000,0x00000000e0000000,0x00000000e7800000)
  from space 11776K, 93% used [0x00000000e7800000,0x00000000e82b5fa8,0x00000000e8380000)
  to   space 11776K, 0% used [0x00000000e8380000,0x00000000e8380000,0x00000000e8f00000)
 ParOldGen       total 81920K, used 7796K [0x00000000a0000000, 0x00000000a5000000, 0x00000000e0000000)
  object space 81920K, 9% used [0x00000000a0000000,0x00000000a079d1b8,0x00000000a5000000)
 Metaspace       used 34684K, capacity 35464K, committed 35496K, reserved 1079296K
  class space    used 4773K, capacity 5003K, committed 5032K, reserved 1048576K
Event: 13.197 GC heap after
Heap after GC invocations=9 (full 2):
 PSYoungGen      total 134656K, used 0K [0x00000000e0000000, 0x00000000e8f00000, 0x0000000100000000)
  eden space 122880K, 0% used [0x00000000e0000000,0x00000000e0000000,0x00000000e7800000)
  from space 11776K, 0% used [0x00000000e7800000,0x00000000e7800000,0x00000000e8380000)
  to   space 11776K, 0% used [0x00000000e8380000,0x00000000e8380000,0x00000000e8f00000)
 ParOldGen       total 81920K, used 17663K [0x00000000a0000000, 0x00000000a5000000, 0x00000000e0000000)
  object space 81920K, 21% used [0x00000000a0000000,0x00000000a113fc58,0x00000000a5000000)
 Metaspace       used 34684K, capacity 35464K, committed 35496K, reserved 1079296K
  class space    used 4773K, capacity 5003K, committed 5032K, reserved 1048576K
}

Deoptimization events (10 events):
Event: 13.522 Thread 0x000000001b782800 Uncommon trap: reason=unstable_if action=reinterpret pc=0x00000000033ebf38 method=java.util.jar.JarFile.match([C[B[I[I)Z @ 29
Event: 13.557 Thread 0x000000001b782800 Uncommon trap: reason=unstable_if action=reinterpret pc=0x0000000003548720 method=java.util.WeakHashMap.expungeStaleEntries()V @ 66
Event: 13.568 Thread 0x000000001b782800 Uncommon trap: reason=bimorphic action=maybe_recompile pc=0x0000000003946ba0 method=java.util.AbstractCollection.addAll(Ljava/util/Collection;)Z @ 29
Event: 13.667 Thread 0x000000001b782800 Uncommon trap: reason=unstable_if action=reinterpret pc=0x0000000003795338 method=java.io.BufferedInputStream.read([BII)I @ 56
Event: 13.668 Thread 0x000000001b782800 Uncommon trap: reason=unstable_if action=reinterpret pc=0x00000000033a4d10 method=java.util.regex.Pattern.has(I)Z @ 6
Event: 13.692 Thread 0x000000001b782800 Uncommon trap: reason=predicate action=maybe_recompile pc=0x0000000003ac1140 method=java.util.Arrays.binarySearch0([Ljava/lang/Object;IILjava/lang/Object;Ljava/util/Comparator;)I @ 28
Event: 13.719 Thread 0x000000001b782800 Uncommon trap: reason=unstable_if action=reinterpret pc=0x0000000003791304 method=sun.misc.MetaIndex.mayContain(Ljava/lang/String;)Z @ 38
Event: 13.720 Thread 0x000000001b782800 Uncommon trap: reason=unstable_if action=reinterpret pc=0x00000000033e1578 method=java.security.CodeSource.hashCode()I @ 4
Event: 13.720 Thread 0x000000001b782800 Uncommon trap: reason=unstable_if action=reinterpret pc=0x000000000323984c method=java.security.CodeSource.hashCode()I @ 4
Event: 13.727 Thread 0x000000001b782800 Uncommon trap: reason=unstable_if action=reinterpret pc=0x0000000003bc0d94 method=jdk.internal.org.objectweb.asm.Type.getArgumentsAndReturnSizes(Ljava/lang/String;)I @ 47

Classes redefined (0 events):
No events

Internal exceptions (10 events):
Event: 13.553 Thread 0x000000001b782800 Exception <a 'java/lang/ClassNotFoundException': org/gradle/api/internal/AbstractTaskBeanInfo> (0x00000000e295ac60) thrown at [D:\src\AOSP-openjdk-cygwin\jdk8u\hotspot\src\share\vm\classfile\systemDictionary.cpp, line 210]
Event: 13.554 Thread 0x000000001b782800 Exception <a 'java/lang/ClassNotFoundException': org/gradle/api/internal/AbstractTaskCustomizer> (0x00000000e298d918) thrown at [D:\src\AOSP-openjdk-cygwin\jdk8u\hotspot\src\share\vm\classfile\systemDictionary.cpp, line 210]
Event: 13.559 Thread 0x000000001b782800 Exception <a 'java/lang/ClassNotFoundException': org/gradle/api/DefaultTaskCustomizer> (0x00000000e2a19428) thrown at [D:\src\AOSP-openjdk-cygwin\jdk8u\hotspot\src\share\vm\classfile\systemDictionary.cpp, line 210]
Event: 13.560 Thread 0x000000001b782800 Exception <a 'java/lang/ClassNotFoundException': org/gradle/api/internal/ConventionTaskCustomizer> (0x00000000e2a5b9e0) thrown at [D:\src\AOSP-openjdk-cygwin\jdk8u\hotspot\src\share\vm\classfile\systemDictionary.cpp, line 210]
Event: 13.561 Thread 0x000000001b782800 Exception <a 'java/lang/ClassNotFoundException': org/gradle/api/tasks/DeleteCustomizer> (0x00000000e2a9aa20) thrown at [D:\src\AOSP-openjdk-cygwin\jdk8u\hotspot\src\share\vm\classfile\systemDictionary.cpp, line 210]
Event: 13.562 Thread 0x000000001b782800 Exception <a 'java/lang/ClassNotFoundException': org/gradle/api/tasks/Delete_DecoratedCustomizer> (0x00000000e2ae7628) thrown at [D:\src\AOSP-openjdk-cygwin\jdk8u\hotspot\src\share\vm\classfile\systemDictionary.cpp, line 210]
Event: 13.576 Thread 0x000000001b782800 Exception <a 'java/lang/ClassNotFoundException': build_506wv6arr6i4g3t3bfaqvmzbjBeanInfo> (0x00000000e2bde450) thrown at [D:\src\AOSP-openjdk-cygwin\jdk8u\hotspot\src\share\vm\classfile\systemDictionary.cpp, line 210]
Event: 13.577 Thread 0x000000001b782800 Exception <a 'java/lang/ClassNotFoundException': build_506wv6arr6i4g3t3bfaqvmzbjCustomizer> (0x00000000e2beae60) thrown at [D:\src\AOSP-openjdk-cygwin\jdk8u\hotspot\src\share\vm\classfile\systemDictionary.cpp, line 210]
Event: 13.720 Thread 0x000000001b782800 Implicit null exception at 0x00000000033df5ac to 0x00000000033e1519
Event: 13.720 Thread 0x000000001b782800 Implicit null exception at 0x0000000003239555 to 0x000000000323983d

Events (10 events):
Event: 13.762 loading class com/google/gson/Gson$FutureTypeAdapter
Event: 13.762 loading class com/google/gson/Gson$FutureTypeAdapter done
Event: 13.763 loading class com/google/gson/JsonNull
Event: 13.763 loading class com/google/gson/JsonNull done
Event: 13.763 loading class com/google/gson/JsonIOException
Event: 13.763 loading class com/google/gson/JsonIOException done
Event: 13.763 loading class com/google/gson/stream/MalformedJsonException
Event: 13.763 loading class com/google/gson/stream/MalformedJsonException done
Event: 13.764 loading class com/google/gson/JsonSyntaxException
Event: 13.764 loading class com/google/gson/JsonSyntaxException done


Dynamic libraries:
0x00007ff6af630000 - 0x00007ff6af661000 	C:\Program Files\Android\Android Studio\jre\bin\java.exe
0x00007ffbc0880000 - 0x00007ffbc0a6d000 	C:\WINDOWS\SYSTEM32\ntdll.dll
0x00007ffbc0330000 - 0x00007ffbc03e3000 	C:\WINDOWS\System32\KERNEL32.DLL
0x00007ffbbcc40000 - 0x00007ffbbced5000 	C:\WINDOWS\System32\KERNELBASE.dll
0x00007ffbbdc30000 - 0x00007ffbbdcd3000 	C:\WINDOWS\System32\ADVAPI32.dll
0x00007ffbbea80000 - 0x00007ffbbeb1e000 	C:\WINDOWS\System32\msvcrt.dll
0x00007ffbbdaa0000 - 0x00007ffbbdb3e000 	C:\WINDOWS\System32\sechost.dll
0x00007ffbc03f0000 - 0x00007ffbc0512000 	C:\WINDOWS\System32\RPCRT4.dll
0x00007ffbbe420000 - 0x00007ffbbe5b7000 	C:\WINDOWS\System32\USER32.dll
0x00007ffbbca40000 - 0x00007ffbbca60000 	C:\WINDOWS\System32\win32u.dll
0x00007ffbbdb40000 - 0x00007ffbbdb69000 	C:\WINDOWS\System32\GDI32.dll
0x00007ffbbd7a0000 - 0x00007ffbbd939000 	C:\WINDOWS\System32\gdi32full.dll
0x00007ffbbcf80000 - 0x00007ffbbd020000 	C:\WINDOWS\System32\msvcp_win.dll
0x00007ffbbc940000 - 0x00007ffbbca3a000 	C:\WINDOWS\System32\ucrtbase.dll
0x00007ffbadd40000 - 0x00007ffbadfb9000 	C:\WINDOWS\WinSxS\amd64_microsoft.windows.common-controls_6595b64144ccf1df_6.0.17763.1217_none_de6e4304534e0ad3\COMCTL32.dll
0x00007ffbc0520000 - 0x00007ffbc084c000 	C:\WINDOWS\System32\combase.dll
0x00007ffbbcee0000 - 0x00007ffbbcf5e000 	C:\WINDOWS\System32\bcryptPrimitives.dll
0x00007ffbbdea0000 - 0x00007ffbbdece000 	C:\WINDOWS\System32\IMM32.DLL
0x000000006e0d0000 - 0x000000006e1a2000 	C:\Program Files\Android\Android Studio\jre\jre\bin\msvcr100.dll
0x000000006d280000 - 0x000000006dac6000 	C:\Program Files\Android\Android Studio\jre\jre\bin\server\jvm.dll
0x00007ffbbdce0000 - 0x00007ffbbdce8000 	C:\WINDOWS\System32\PSAPI.DLL
0x00007ffbb7c90000 - 0x00007ffbb7c9a000 	C:\WINDOWS\SYSTEM32\VERSION.dll
0x00007ffbadd10000 - 0x00007ffbadd19000 	C:\WINDOWS\SYSTEM32\WSOCK32.dll
0x00007ffbb7b00000 - 0x00007ffbb7b24000 	C:\WINDOWS\SYSTEM32\WINMM.dll
0x00007ffbbe730000 - 0x00007ffbbe79d000 	C:\WINDOWS\System32\WS2_32.dll
0x00007ffbb7ad0000 - 0x00007ffbb7afd000 	C:\WINDOWS\SYSTEM32\WINMMBASE.dll
0x00007ffbbda50000 - 0x00007ffbbda9a000 	C:\WINDOWS\System32\cfgmgr32.dll
0x00007ffbb9320000 - 0x00007ffbb932f000 	C:\Program Files\Android\Android Studio\jre\jre\bin\verify.dll
0x00007ffbb71b0000 - 0x00007ffbb71d9000 	C:\Program Files\Android\Android Studio\jre\jre\bin\java.dll
0x00007ffbb8a00000 - 0x00007ffbb8a16000 	C:\Program Files\Android\Android Studio\jre\jre\bin\zip.dll
0x00007ffbbeb50000 - 0x00007ffbc0044000 	C:\WINDOWS\System32\SHELL32.dll
0x00007ffbbe820000 - 0x00007ffbbe8c8000 	C:\WINDOWS\System32\shcore.dll
0x00007ffbbd050000 - 0x00007ffbbd79e000 	C:\WINDOWS\System32\windows.storage.dll
0x00007ffbbc8f0000 - 0x00007ffbbc914000 	C:\WINDOWS\System32\profapi.dll
0x00007ffbbc890000 - 0x00007ffbbc8ed000 	C:\WINDOWS\System32\powrprof.dll
0x00007ffbbdbd0000 - 0x00007ffbbdc22000 	C:\WINDOWS\System32\shlwapi.dll
0x00007ffbbc920000 - 0x00007ffbbc931000 	C:\WINDOWS\System32\kernel.appcore.dll
0x00007ffbbcf60000 - 0x00007ffbbcf77000 	C:\WINDOWS\System32\cryptsp.dll
0x00007ffbb7180000 - 0x00007ffbb719a000 	C:\Program Files\Android\Android Studio\jre\jre\bin\net.dll
0x00007ffbb0b50000 - 0x00007ffbb0d27000 	C:\WINDOWS\SYSTEM32\urlmon.dll
0x00007ffbaf160000 - 0x00007ffbaf408000 	C:\WINDOWS\SYSTEM32\iertutil.dll
0x00007ffbbc210000 - 0x00007ffbbc21c000 	C:\WINDOWS\SYSTEM32\CRYPTBASE.DLL
0x00007ffbbc090000 - 0x00007ffbbc0f7000 	C:\WINDOWS\system32\mswsock.dll
0x00007ffbb7130000 - 0x00007ffbb7143000 	C:\Program Files\Android\Android Studio\jre\jre\bin\nio.dll
0x00007ffb9cda0000 - 0x00007ffb9cdc6000 	C:\Users\David\.gradle\native\30\windows-amd64\native-platform.dll
0x00007ffbb8320000 - 0x00007ffbb832d000 	C:\Program Files\Android\Android Studio\jre\jre\bin\management.dll
0x00007ffbbbc20000 - 0x00007ffbbbc53000 	C:\WINDOWS\system32\rsaenh.dll
0x00007ffbbd020000 - 0x00007ffbbd046000 	C:\WINDOWS\System32\bcrypt.dll
0x00007ffbbc7a0000 - 0x00007ffbbc7c8000 	C:\WINDOWS\SYSTEM32\USERENV.dll
0x00007ffbbbdc0000 - 0x00007ffbbbdfd000 	C:\WINDOWS\SYSTEM32\IPHLPAPI.DLL
0x00007ffbc0320000 - 0x00007ffbc0328000 	C:\WINDOWS\System32\NSI.dll
0x00007ffbb6db0000 - 0x00007ffbb6dc6000 	C:\WINDOWS\SYSTEM32\dhcpcsvc6.DLL
0x00007ffbb6480000 - 0x00007ffbb649c000 	C:\WINDOWS\SYSTEM32\dhcpcsvc.DLL
0x00007ffbbbe00000 - 0x00007ffbbbec7000 	C:\WINDOWS\SYSTEM32\DNSAPI.dll

VM Arguments:
jvm_args: -Xmx1536m -Dfile.encoding=windows-1252 -Duser.country=CA -Duser.language=en -Duser.variant 
java_command: org.gradle.launcher.daemon.bootstrap.GradleDaemon 5.6.4
java_class_path (initial): C:\Users\David\.gradle\wrapper\dists\gradle-5.6.4-all\ankdp27end7byghfw1q2sw75f\gradle-5.6.4\lib\gradle-launcher-5.6.4.jar
Launcher Type: SUN_STANDARD

Environment Variables:
JAVA_HOME=C:\Program Files\Java\jdk-11.0.3
PATH=C:\Program Files (x86)\Common Files\Oracle\Java\javapath;C:\WINDOWS\system32;C:\WINDOWS;C:\WINDOWS\System32\Wbem;C:\WINDOWS\System32\WindowsPowerShell\v1.0\;C:\WINDOWS\System32\OpenSSH\;C:\Program Files\Git\cmd;C:\Program Files (x86)\Intel\Intel(R) Management Engine Components\DAL;C:\Program Files\Intel\Intel(R) Management Engine Components\DAL;C:\Program Files\Java\jdk-11.0.3\bin;C:\Program Files\Java\jdk-11.0.3\lib;C:\Gradle\gradle-5.4.1\bin;C:\Program Files\MongoDB\Server\4.2\bin;C:\Program Files\nodejs\;C:\Program Files\dotnet\;C:\Program Files\Microsoft SQL Server\130\Tools\Binn\;C:\Program Files\Microsoft SQL Server\Client SDK\ODBC\170\Tools\Binn\;C:\Program Files\Common Files\Autodesk Shared\;C:\Program Files\Microsoft SQL Server\120\Tools\Binn\;C:\Program Files\Git LFS;C:\Program Files\Docker\Docker\resources\bin;C:\ProgramData\DockerDesktop\version-bin;C:\Program Files\MySQL\MySQL Shell 8.0\bin\;C:\Users\David\AppData\Local\Programs\Python\Python38\Scripts\;C:\Users\David\AppData\Local\Programs\Python\Python38\;C:\Users\David\.cargo\bin;C:\Users\David\AppData\Local\Microsoft\WindowsApps;C:\Users\David\AppData\Local\Programs\Microsoft VS Code\bin;C:\Program Files\heroku\bin;C:\Program Files\MongoDB\Server\4.2\bin;C:\Users\David\AppData\Roaming\npm;
USERNAME=David
OS=Windows_NT
PROCESSOR_IDENTIFIER=Intel64 Family 6 Model 142 Stepping 10, GenuineIntel



---------------  S Y S T E M  ---------------

OS: Windows 10.0 , 64 bit Build 17763 (10.0.17763.1158)

CPU:total 8 (initial active 8) (4 cores per cpu, 2 threads per core) family 6 model 142 stepping 10, cmov, cx8, fxsr, mmx, sse, sse2, sse3, ssse3, sse4.1, sse4.2, popcnt, avx, avx2, aes, clmul, erms, 3dnowpref, lzcnt, ht, tsc, tscinvbit, bmi1, bmi2, adx

Memory: 4k page, physical 16671328k(2662672k free), swap 19672672k(5536k free)

vm_info: OpenJDK 64-Bit Server VM (25.212-b04) for windows-amd64 JRE (1.8.0_212-release-1586-b04), built by "builder" with MS VC++ 10.0 (VS2010)

time: Sun Jun 14 19:45:49 2020
timezone: Eastern Daylight Time
elapsed time: 13 seconds (0d 0h 0m 13s)

